
*** Running vivado
    with args -log system_SWs_4Bits_2.vds -m64 -product Vivado -mode batch -messageDb vivado.pb -notrace -source system_SWs_4Bits_2.tcl


****** Vivado v2016.4 (64-bit)
  **** SW Build 1733598 on Wed Dec 14 22:35:42 MST 2016
  **** IP Build 1731160 on Wed Dec 14 23:47:21 MST 2016
    ** Copyright 1986-2016 Xilinx, Inc. All Rights Reserved.

source system_SWs_4Bits_2.tcl -notrace
Starting RTL Elaboration : Time (s): cpu = 00:00:13 ; elapsed = 00:00:14 . Memory (MB): peak = 1076.035 ; gain = 157.082 ; free physical = 639 ; free virtual = 14417
INFO: [Synth 8-638] synthesizing module 'system_SWs_4Bits_2' [/mnt/workspace/znsoc/Projects/zybo_bsd/sources/hardware/src/bd/system/ip/system_SWs_4Bits_2/synth/system_SWs_4Bits_2.vhd:84]
INFO: [Synth 8-638] synthesizing module 'axi_gpio' [/mnt/workspace/znsoc/Projects/zybo_bsd/sources/hardware/src/bd/system/ipshared/4f16/hdl/axi_gpio_v2_0_vh_rfs.vhd:1091]
INFO: [Synth 8-638] synthesizing module 'axi_lite_ipif' [/mnt/workspace/znsoc/Projects/zybo_bsd/sources/hardware/src/bd/system/ipshared/0ba0/hdl/axi_lite_ipif_v3_0_vh_rfs.vhd:2948]
INFO: [Synth 8-638] synthesizing module 'slave_attachment' [/mnt/workspace/znsoc/Projects/zybo_bsd/sources/hardware/src/bd/system/ipshared/0ba0/hdl/axi_lite_ipif_v3_0_vh_rfs.vhd:2341]
INFO: [Synth 8-638] synthesizing module 'address_decoder' [/mnt/workspace/znsoc/Projects/zybo_bsd/sources/hardware/src/bd/system/ipshared/0ba0/hdl/axi_lite_ipif_v3_0_vh_rfs.vhd:1775]
INFO: [Synth 8-638] synthesizing module 'pselect_f' [/mnt/workspace/znsoc/Projects/zybo_bsd/sources/hardware/src/bd/system/ipshared/0ba0/hdl/axi_lite_ipif_v3_0_vh_rfs.vhd:1534]
INFO: [Synth 8-256] done synthesizing module 'pselect_f' (1#1) [/mnt/workspace/znsoc/Projects/zybo_bsd/sources/hardware/src/bd/system/ipshared/0ba0/hdl/axi_lite_ipif_v3_0_vh_rfs.vhd:1534]
INFO: [Synth 8-638] synthesizing module 'pselect_f__parameterized0' [/mnt/workspace/znsoc/Projects/zybo_bsd/sources/hardware/src/bd/system/ipshared/0ba0/hdl/axi_lite_ipif_v3_0_vh_rfs.vhd:1534]
INFO: [Synth 8-256] done synthesizing module 'pselect_f__parameterized0' (1#1) [/mnt/workspace/znsoc/Projects/zybo_bsd/sources/hardware/src/bd/system/ipshared/0ba0/hdl/axi_lite_ipif_v3_0_vh_rfs.vhd:1534]
INFO: [Synth 8-638] synthesizing module 'pselect_f__parameterized1' [/mnt/workspace/znsoc/Projects/zybo_bsd/sources/hardware/src/bd/system/ipshared/0ba0/hdl/axi_lite_ipif_v3_0_vh_rfs.vhd:1534]
INFO: [Synth 8-256] done synthesizing module 'pselect_f__parameterized1' (1#1) [/mnt/workspace/znsoc/Projects/zybo_bsd/sources/hardware/src/bd/system/ipshared/0ba0/hdl/axi_lite_ipif_v3_0_vh_rfs.vhd:1534]
INFO: [Synth 8-638] synthesizing module 'pselect_f__parameterized2' [/mnt/workspace/znsoc/Projects/zybo_bsd/sources/hardware/src/bd/system/ipshared/0ba0/hdl/axi_lite_ipif_v3_0_vh_rfs.vhd:1534]
INFO: [Synth 8-256] done synthesizing module 'pselect_f__parameterized2' (1#1) [/mnt/workspace/znsoc/Projects/zybo_bsd/sources/hardware/src/bd/system/ipshared/0ba0/hdl/axi_lite_ipif_v3_0_vh_rfs.vhd:1534]
INFO: [Synth 8-256] done synthesizing module 'address_decoder' (2#1) [/mnt/workspace/znsoc/Projects/zybo_bsd/sources/hardware/src/bd/system/ipshared/0ba0/hdl/axi_lite_ipif_v3_0_vh_rfs.vhd:1775]
INFO: [Synth 8-256] done synthesizing module 'slave_attachment' (3#1) [/mnt/workspace/znsoc/Projects/zybo_bsd/sources/hardware/src/bd/system/ipshared/0ba0/hdl/axi_lite_ipif_v3_0_vh_rfs.vhd:2341]
INFO: [Synth 8-256] done synthesizing module 'axi_lite_ipif' (4#1) [/mnt/workspace/znsoc/Projects/zybo_bsd/sources/hardware/src/bd/system/ipshared/0ba0/hdl/axi_lite_ipif_v3_0_vh_rfs.vhd:2948]
INFO: [Synth 8-638] synthesizing module 'GPIO_Core' [/mnt/workspace/znsoc/Projects/zybo_bsd/sources/hardware/src/bd/system/ipshared/4f16/hdl/axi_gpio_v2_0_vh_rfs.vhd:173]
INFO: [Synth 8-638] synthesizing module 'cdc_sync' [/mnt/workspace/znsoc/Projects/zybo_bsd/sources/hardware/src/bd/system/ipshared/52cb/hdl/lib_cdc_v1_0_rfs.vhd:106]
INFO: [Synth 8-256] done synthesizing module 'cdc_sync' (5#1) [/mnt/workspace/znsoc/Projects/zybo_bsd/sources/hardware/src/bd/system/ipshared/52cb/hdl/lib_cdc_v1_0_rfs.vhd:106]
INFO: [Synth 8-256] done synthesizing module 'GPIO_Core' (6#1) [/mnt/workspace/znsoc/Projects/zybo_bsd/sources/hardware/src/bd/system/ipshared/4f16/hdl/axi_gpio_v2_0_vh_rfs.vhd:173]
INFO: [Synth 8-256] done synthesizing module 'axi_gpio' (7#1) [/mnt/workspace/znsoc/Projects/zybo_bsd/sources/hardware/src/bd/system/ipshared/4f16/hdl/axi_gpio_v2_0_vh_rfs.vhd:1091]
INFO: [Synth 8-256] done synthesizing module 'system_SWs_4Bits_2' (8#1) [/mnt/workspace/znsoc/Projects/zybo_bsd/sources/hardware/src/bd/system/ip/system_SWs_4Bits_2/synth/system_SWs_4Bits_2.vhd:84]
Finished RTL Elaboration : Time (s): cpu = 00:00:15 ; elapsed = 00:00:16 . Memory (MB): peak = 1118.512 ; gain = 199.559 ; free physical = 350 ; free virtual = 14113
Finished RTL Optimization Phase 1 : Time (s): cpu = 00:00:15 ; elapsed = 00:00:16 . Memory (MB): peak = 1118.512 ; gain = 199.559 ; free physical = 340 ; free virtual = 14104
INFO: [Device 21-403] Loading part xc7z010clg400-1
Constraint Validation Runtime : Time (s): cpu = 00:00:00.04 ; elapsed = 00:00:00.04 . Memory (MB): peak = 1444.891 ; gain = 0.004 ; free physical = 641 ; free virtual = 14160
Finished Constraint Validation : Time (s): cpu = 00:00:31 ; elapsed = 00:00:34 . Memory (MB): peak = 1444.891 ; gain = 525.938 ; free physical = 1119 ; free virtual = 14672
Finished Loading Part and Timing Information : Time (s): cpu = 00:00:31 ; elapsed = 00:00:34 . Memory (MB): peak = 1444.891 ; gain = 525.938 ; free physical = 1119 ; free virtual = 14672
Finished applying 'set_property' XDC Constraints : Time (s): cpu = 00:00:31 ; elapsed = 00:00:34 . Memory (MB): peak = 1444.891 ; gain = 525.938 ; free physical = 1114 ; free virtual = 14667
Finished RTL Optimization Phase 2 : Time (s): cpu = 00:00:32 ; elapsed = 00:00:35 . Memory (MB): peak = 1444.891 ; gain = 525.938 ; free physical = 1030 ; free virtual = 14583
Finished Cross Boundary and Area Optimization : Time (s): cpu = 00:00:33 ; elapsed = 00:00:35 . Memory (MB): peak = 1444.891 ; gain = 525.938 ; free physical = 951 ; free virtual = 14504
Finished Applying XDC Timing Constraints : Time (s): cpu = 00:00:49 ; elapsed = 00:00:52 . Memory (MB): peak = 1444.891 ; gain = 525.938 ; free physical = 1330 ; free virtual = 14886
Finished Timing Optimization : Time (s): cpu = 00:00:49 ; elapsed = 00:00:52 . Memory (MB): peak = 1444.891 ; gain = 525.938 ; free physical = 1316 ; free virtual = 14872
Finished Technology Mapping : Time (s): cpu = 00:00:49 ; elapsed = 00:00:52 . Memory (MB): peak = 1444.891 ; gain = 525.938 ; free physical = 1297 ; free virtual = 14853
Finished IO Insertion : Time (s): cpu = 00:00:50 ; elapsed = 00:00:53 . Memory (MB): peak = 1444.891 ; gain = 525.938 ; free physical = 1282 ; free virtual = 14838
Finished Renaming Generated Instances : Time (s): cpu = 00:00:50 ; elapsed = 00:00:53 . Memory (MB): peak = 1444.891 ; gain = 525.938 ; free physical = 1282 ; free virtual = 14838
Finished Rebuilding User Hierarchy : Time (s): cpu = 00:00:50 ; elapsed = 00:00:53 . Memory (MB): peak = 1444.891 ; gain = 525.938 ; free physical = 1281 ; free virtual = 14837
Finished Renaming Generated Ports : Time (s): cpu = 00:00:50 ; elapsed = 00:00:53 . Memory (MB): peak = 1444.891 ; gain = 525.938 ; free physical = 1281 ; free virtual = 14837
Finished Handling Custom Attributes : Time (s): cpu = 00:00:50 ; elapsed = 00:00:53 . Memory (MB): peak = 1444.891 ; gain = 525.938 ; free physical = 1280 ; free virtual = 14835
Finished Renaming Generated Nets : Time (s): cpu = 00:00:50 ; elapsed = 00:00:53 . Memory (MB): peak = 1444.891 ; gain = 525.938 ; free physical = 1280 ; free virtual = 14835

Report Cell Usage: 
+------+-----+------+
|      |Cell |Count |
+------+-----+------+
|1     |LUT1 |     2|
|2     |LUT2 |     5|
|3     |LUT3 |     4|
|4     |LUT4 |     7|
|5     |LUT5 |    11|
|6     |LUT6 |    10|
|7     |FDR  |    16|
|8     |FDRE |    41|
|9     |FDSE |     4|
+------+-----+------+
Finished Writing Synthesis Report : Time (s): cpu = 00:00:50 ; elapsed = 00:00:53 . Memory (MB): peak = 1444.891 ; gain = 525.938 ; free physical = 1280 ; free virtual = 14835
synth_design: Time (s): cpu = 00:00:46 ; elapsed = 00:00:49 . Memory (MB): peak = 1444.891 ; gain = 457.434 ; free physical = 1060 ; free virtual = 14616
