#-----------------------------------------------------------
# Webtalk v2016.4 (64-bit)
# SW Build 1733598 on Wed Dec 14 22:35:42 MST 2016
# 
# Start of session at: Wed Aug 30 19:51:52 2017
# Process ID: 6215
# Current directory: /mnt/workspace/znsoc/Projects/zybo_bsd/sources/hardware/proj/zybo_bsd.sdk/webtalk
# Command line: wbtcv -mode batch -source sdk_webtalk.tcl
# Log file: /mnt/workspace/znsoc/Projects/zybo_bsd/sources/hardware/proj/zybo_bsd.sdk/webtalk/webtalk.log
# Journal file: /mnt/workspace/znsoc/Projects/zybo_bsd/sources/hardware/proj/zybo_bsd.sdk/webtalk/webtalk.jou
#-----------------------------------------------------------
source sdk_webtalk.tcl
# webtalk_init -webtalk_dir /mnt/workspace/znsoc/Projects/zybo_bsd/sources/hardware/proj/zybo_bsd.sdk/webtalk
# webtalk_register_client -client project
# webtalk_add_data -client project -key date_generated -value "2017-08-30 19:51:51" -context "software_version_and_target_device"
# webtalk_add_data -client project -key product_version -value "SDK v2016.4" -context "software_version_and_target_device"
# webtalk_add_data -client project -key build_version -value "2016.4" -context "software_version_and_target_device"
# webtalk_add_data -client project -key os_platform -value "amd64" -context "software_version_and_target_device"
# webtalk_add_data -client project -key registration_id -value "205589051_15690819_210558907_866" -context "software_version_and_target_device"
# webtalk_add_data -client project -key tool_flow -value "SDK" -context "software_version_and_target_device"
# webtalk_add_data -client project -key beta -value "false" -context "software_version_and_target_device"
# webtalk_add_data -client project -key route_design -value "NA" -context "software_version_and_target_device"
# webtalk_add_data -client project -key target_family -value "NA" -context "software_version_and_target_device"
# webtalk_add_data -client project -key target_device -value "NA" -context "software_version_and_target_device"
# webtalk_add_data -client project -key target_package -value "NA" -context "software_version_and_target_device"
# webtalk_add_data -client project -key target_speed -value "NA" -context "software_version_and_target_device"
# webtalk_add_data -client project -key random_id -value "vr1bp0b980psqu9oi0bqo40dcn" -context "software_version_and_target_device"
# webtalk_add_data -client project -key project_id -value "2016.4_2" -context "software_version_and_target_device"
# webtalk_add_data -client project -key project_iteration -value "2" -context "software_version_and_target_device"
# webtalk_add_data -client project -key os_name -value "SUSE LINUX" -context "user_environment"
# webtalk_add_data -client project -key os_release -value "openSUSE Leap 42.1 (x86_64)" -context "user_environment"
# webtalk_add_data -client project -key cpu_name -value "Intel(R) Core(TM) i7-4720HQ CPU @ 2.60GHz" -context "user_environment"
# webtalk_add_data -client project -key cpu_speed -value "3433.929 MHz" -context "user_environment"
# webtalk_add_data -client project -key total_processors -value "1" -context "user_environment"
# webtalk_add_data -client project -key system_ram -value "8.000 GB" -context "user_environment"
# webtalk_register_client -client sdk
# webtalk_add_data -client sdk -key uid -value "1504093626000" -context "sdk\\\\hardware/1504093626000"
# webtalk_add_data -client sdk -key isZynq -value "true" -context "sdk\\\\hardware/1504093626000"
# webtalk_add_data -client sdk -key isZynqMP -value "false" -context "sdk\\\\hardware/1504093626000"
# webtalk_add_data -client sdk -key Processors -value "2" -context "sdk\\\\hardware/1504093626000"
# webtalk_add_data -client sdk -key VivadoVersion -value "2016.4" -context "sdk\\\\hardware/1504093626000"
# webtalk_add_data -client sdk -key Arch -value "zynq" -context "sdk\\\\hardware/1504093626000"
# webtalk_add_data -client sdk -key Device -value "7z010" -context "sdk\\\\hardware/1504093626000"
# webtalk_add_data -client sdk -key IsHandoff -value "true" -context "sdk\\\\hardware/1504093626000"
# webtalk_add_data -client sdk -key os -value "NA" -context "sdk\\\\hardware/1504093626000"
# webtalk_add_data -client sdk -key apptemplate -value "NA" -context "sdk\\\\hardware/1504093626000"
# webtalk_add_data -client sdk -key RecordType -value "HWCreation" -context "sdk\\\\hardware/1504093626000"
# webtalk_add_data -client sdk -key uid -value "1504093757000" -context "sdk\\\\bsp/1504093757000"
# webtalk_add_data -client sdk -key hwid -value "1504093626000" -context "sdk\\\\bsp/1504093757000"
# webtalk_add_data -client sdk -key os -value "standalone" -context "sdk\\\\bsp/1504093757000"
# webtalk_add_data -client sdk -key apptemplate -value "hello_world" -context "sdk\\\\bsp/1504093757000"
# webtalk_add_data -client sdk -key RecordType -value "BSPCreation" -context "sdk\\\\bsp/1504093757000"
# webtalk_add_data -client sdk -key uid -value "1504093760000" -context "sdk\\\\application/1504093760000"
# webtalk_add_data -client sdk -key hwid -value "1504093626000" -context "sdk\\\\application/1504093760000"
# webtalk_add_data -client sdk -key bspid -value "1504093757000" -context "sdk\\\\application/1504093760000"
# webtalk_add_data -client sdk -key newbsp -value "true" -context "sdk\\\\application/1504093760000"
# webtalk_add_data -client sdk -key os -value "standalone" -context "sdk\\\\application/1504093760000"
# webtalk_add_data -client sdk -key apptemplate -value "hello_world" -context "sdk\\\\application/1504093760000"
# webtalk_add_data -client sdk -key RecordType -value "APPCreation" -context "sdk\\\\application/1504093760000"
# webtalk_add_data -client sdk -key LangUsed -value "C" -context "sdk\\\\application/1504093760000"
# webtalk_add_data -client sdk -key Procused -value "ps7_cortexa9" -context "sdk\\\\application/1504093760000"
# webtalk_add_data -client sdk -key uid -value "1504093848000" -context "sdk\\\\bsp/1504093848000"
# webtalk_add_data -client sdk -key hwid -value "1504093626000" -context "sdk\\\\bsp/1504093848000"
# webtalk_add_data -client sdk -key os -value "standalone" -context "sdk\\\\bsp/1504093848000"
# webtalk_add_data -client sdk -key apptemplate -value "zynq_fsbl" -context "sdk\\\\bsp/1504093848000"
# webtalk_add_data -client sdk -key RecordType -value "BSPCreation" -context "sdk\\\\bsp/1504093848000"
# webtalk_add_data -client sdk -key uid -value "1504093856000" -context "sdk\\\\application/1504093856000"
# webtalk_add_data -client sdk -key hwid -value "1504093626000" -context "sdk\\\\application/1504093856000"
# webtalk_add_data -client sdk -key bspid -value "1504093848000" -context "sdk\\\\application/1504093856000"
# webtalk_add_data -client sdk -key newbsp -value "true" -context "sdk\\\\application/1504093856000"
# webtalk_add_data -client sdk -key os -value "standalone" -context "sdk\\\\application/1504093856000"
# webtalk_add_data -client sdk -key apptemplate -value "zynq_fsbl" -context "sdk\\\\application/1504093856000"
# webtalk_add_data -client sdk -key RecordType -value "APPCreation" -context "sdk\\\\application/1504093856000"
# webtalk_add_data -client sdk -key LangUsed -value "C" -context "sdk\\\\application/1504093856000"
# webtalk_add_data -client sdk -key Procused -value "ps7_cortexa9" -context "sdk\\\\application/1504093856000"
# webtalk_add_data -client sdk -key projSize -value "343.36328125" -context "sdk\\\\application/1504093856000"
# webtalk_add_data -client sdk -key uid -value "NA" -context "sdk\\\\bsp/1504093911818"
# webtalk_add_data -client sdk -key RecordType -value "ToolUsage" -context "sdk\\\\bsp/1504093911818"
# webtalk_add_data -client sdk -key BootgenCount -value "0" -context "sdk\\\\bsp/1504093911818"
# webtalk_add_data -client sdk -key DebugCount -value "0" -context "sdk\\\\bsp/1504093911818"
# webtalk_add_data -client sdk -key PerfCount -value "0" -context "sdk\\\\bsp/1504093911818"
# webtalk_add_data -client sdk -key FlashCount -value "0" -context "sdk\\\\bsp/1504093911818"
# webtalk_add_data -client sdk -key CrossTriggCount -value "0" -context "sdk\\\\bsp/1504093911818"
# webtalk_add_data -client sdk -key QemuDebugCount -value "0" -context "sdk\\\\bsp/1504093911818"
# webtalk_transmit -clientid 1970063593 -regid "205589051_15690819_210558907_866" -xml /mnt/workspace/znsoc/Projects/zybo_bsd/sources/hardware/proj/zybo_bsd.sdk/webtalk/usage_statistics_ext_sdk.xml -html /mnt/workspace/znsoc/Projects/zybo_bsd/sources/hardware/proj/zybo_bsd.sdk/webtalk/usage_statistics_ext_sdk.html -wdm /mnt/workspace/znsoc/Projects/zybo_bsd/sources/hardware/proj/zybo_bsd.sdk/webtalk/sdk_webtalk.wdm -intro "<H3>SDK Usage Report</H3><BR>"
# webtalk_terminate
INFO: [Common 17-206] Exiting Webtalk at Wed Aug 30 19:51:52 2017...
